<?xml version="1.0" encoding="UTF-8"?>
<testng-results ignored="0" total="1" passed="1" failed="0" skipped="0">
  <reporter-output>
    <line>
      <![CDATA[{"City":"Hyderabad","Temperature":"32 Degree celsius","Humidity":"146 Percent","Weather Description":"scattered clouds","Wind Speed":"195 Km per hour","Wind Direction degree":"25 Degree"}]]>
    </line>
  </reporter-output>
  <suite started-at="2021-02-09T13:24:29 EST" name="Suite" finished-at="2021-02-09T13:24:32 EST" duration-ms="2917">
    <groups>
    </groups>
    <test started-at="2021-02-09T13:24:29 EST" name="Test" finished-at="2021-02-09T13:24:32 EST" duration-ms="2917">
      <class name="weather_RA">
        <test-method signature="f()[pri:0, instance:weather_RA@cad498c]" started-at="2021-02-09T13:24:29 EST" name="f" finished-at="2021-02-09T13:24:32 EST" duration-ms="2889" status="PASS">
          <reporter-output>
          </reporter-output>
        </test-method> <!-- f -->
      </class> <!-- weather_RA -->
    </test> <!-- Test -->
  </suite> <!-- Suite -->
</testng-results>
